\BOOKMARK [0][-]{chapter.1}{Introduction}{}% 1
\BOOKMARK [1][-]{section.1.1}{Motivation}{chapter.1}% 2
\BOOKMARK [1][-]{section.1.2}{Objective}{chapter.1}% 3
\BOOKMARK [1][-]{section.1.3}{Methodology}{chapter.1}% 4
\BOOKMARK [2][-]{subsection.1.3.1}{Data used in this research}{section.1.3}% 5
\BOOKMARK [2][-]{subsection.1.3.2}{Model design}{section.1.3}% 6
\BOOKMARK [2][-]{subsection.1.3.3}{Model implementation}{section.1.3}% 7
\BOOKMARK [1][-]{section.1.4}{Structure of the dissertation}{chapter.1}% 8
\BOOKMARK [0][-]{chapter.2}{Background}{}% 9
\BOOKMARK [1][-]{section.2.1}{Text Classification and News Popularity Prediction}{chapter.2}% 10
\BOOKMARK [1][-]{section.2.2}{Concept Drift}{chapter.2}% 11
\BOOKMARK [2][-]{subsection.2.2.1}{Definition and Framework}{section.2.2}% 12
\BOOKMARK [2][-]{subsection.2.2.2}{Concept Drift detectors}{section.2.2}% 13
\BOOKMARK [1][-]{section.2.3}{Deep Learning Models in Text Classification}{chapter.2}% 14
\BOOKMARK [2][-]{subsection.2.3.1}{fastText}{section.2.3}% 15
\BOOKMARK [2][-]{subsection.2.3.2}{Character-level Convolutional Network}{section.2.3}% 16
\BOOKMARK [2][-]{subsection.2.3.3}{Bidirectional Long-short Term Memory Network}{section.2.3}% 17
\BOOKMARK [2][-]{subsection.2.3.4}{Attention Based Bidirectional Long Short-Term Memory Network}{section.2.3}% 18
\BOOKMARK [0][-]{chapter.3}{Concept Drift Detection}{}% 19
\BOOKMARK [1][-]{section.3.1}{Data Used}{chapter.3}% 20
\BOOKMARK [1][-]{section.3.2}{Model Design}{chapter.3}% 21
\BOOKMARK [1][-]{section.3.3}{Result}{chapter.3}% 22
\BOOKMARK [0][-]{chapter.4}{Text Analysis to Predict the Fashion News Popularity}{}% 23
\BOOKMARK [1][-]{section.4.1}{Background}{chapter.4}% 24
\BOOKMARK [2][-]{subsection.4.1.1}{Motivation}{section.4.1}% 25
\BOOKMARK [2][-]{subsection.4.1.2}{Related Work}{section.4.1}% 26
\BOOKMARK [1][-]{section.4.2}{Experiment}{chapter.4}% 27
\BOOKMARK [2][-]{subsection.4.2.1}{Dataset}{section.4.2}% 28
\BOOKMARK [2][-]{subsection.4.2.2}{Experiment Design}{section.4.2}% 29
\BOOKMARK [2][-]{subsection.4.2.3}{Results}{section.4.2}% 30
\BOOKMARK [0][-]{chapter.5}{Conclusions and Future work}{}% 31
\BOOKMARK [1][-]{section.5.1}{Summary of Contributions}{chapter.5}% 32
\BOOKMARK [1][-]{section.5.2}{Future Work}{chapter.5}% 33
\BOOKMARK [0][-]{section.5.2}{Appendices}{}% 34
\BOOKMARK [0][-]{appendix.A}{An Appendix About Stuff}{}% 35
\BOOKMARK [0][-]{appendix.B}{Another Appendix About Things}{}% 36
\BOOKMARK [0][-]{appendix.C}{Colophon}{}% 37
\BOOKMARK [0][-]{appendix.C}{Bibliography}{}% 38
