This is pdfTeX, Version 3.14159265-2.6-1.40.17 (TeX Live 2016) (preloaded format=pdflatex 2017.3.1)  19 AUG 2018 22:29
entering extended mode
 restricted \write18 enabled.
 %&-line parsing enabled.
**Main.tex
(./Main.tex
LaTeX2e <2016/03/31>
Babel <3.9r> and hyphenation patterns for 83 language(s) loaded.
(/usr/local/texlive/2016/texmf-dist/tex/latex/nag/nag.sty
Package: nag 2011/11/25 0.7 warning about old commands (ulmi)
\c@nag@c=\count79
\c@nag@sins=\count80
Package nag Info: Loaded nag-l2tabu.cfg  on input line 552.

(/usr/local/texlive/2016/texmf-dist/tex/latex/nag/nag-l2tabu.cfg
File: nag-l2tabu.cfg 2010/05/17 v2.11 l2tabu rules for nag.sty (ulmi)
)
Package nag Info: Loaded nag-orthodox.cfg  on input line 552.

(/usr/local/texlive/2016/texmf-dist/tex/latex/nag/nag-orthodox.cfg
File: nag-orthodox.cfg 2006/04/19 v1.8 strict rules for nag.sty (ulmi)
))
(./ucl_thesis.cls
Document Class: ucl_thesis 2014/08/12 v1.6 UCL MRes/MPhil/PhD Thesis class
(/usr/local/texlive/2016/texmf-dist/tex/latex/base/book.cls
Document Class: book 2014/09/29 v1.4h Standard LaTeX document class
(/usr/local/texlive/2016/texmf-dist/tex/latex/base/bk11.clo
File: bk11.clo 2014/09/29 v1.4h Standard LaTeX file (size option)
)
\c@part=\count81
\c@chapter=\count82
\c@section=\count83
\c@subsection=\count84
\c@subsubsection=\count85
\c@paragraph=\count86
\c@subparagraph=\count87
\c@figure=\count88
\c@table=\count89
\abovecaptionskip=\skip41
\belowcaptionskip=\skip42
\bibindent=\dimen102
)
(/usr/local/texlive/2016/texmf-dist/tex/latex/psnfss/times.sty
Package: times 2005/04/12 PSNFSS-v9.2a (SPQR) 
)
(/usr/local/texlive/2016/texmf-dist/tex/latex/psnfss/mathptmx.sty
Package: mathptmx 2005/04/12 PSNFSS-v9.2a Times w/ Math, improved (SPQR, WaS) 
LaTeX Font Info:    Redeclaring symbol font `operators' on input line 28.
LaTeX Font Info:    Overwriting symbol font `operators' in version `normal'
(Font)                  OT1/cmr/m/n --> OT1/ztmcm/m/n on input line 28.
LaTeX Font Info:    Overwriting symbol font `operators' in version `bold'
(Font)                  OT1/cmr/bx/n --> OT1/ztmcm/m/n on input line 28.
LaTeX Font Info:    Redeclaring symbol font `letters' on input line 29.
LaTeX Font Info:    Overwriting symbol font `letters' in version `normal'
(Font)                  OML/cmm/m/it --> OML/ztmcm/m/it on input line 29.
LaTeX Font Info:    Overwriting symbol font `letters' in version `bold'
(Font)                  OML/cmm/b/it --> OML/ztmcm/m/it on input line 29.
LaTeX Font Info:    Redeclaring symbol font `symbols' on input line 30.
LaTeX Font Info:    Overwriting symbol font `symbols' in version `normal'
(Font)                  OMS/cmsy/m/n --> OMS/ztmcm/m/n on input line 30.
LaTeX Font Info:    Overwriting symbol font `symbols' in version `bold'
(Font)                  OMS/cmsy/b/n --> OMS/ztmcm/m/n on input line 30.
LaTeX Font Info:    Redeclaring symbol font `largesymbols' on input line 31.
LaTeX Font Info:    Overwriting symbol font `largesymbols' in version `normal'
(Font)                  OMX/cmex/m/n --> OMX/ztmcm/m/n on input line 31.
LaTeX Font Info:    Overwriting symbol font `largesymbols' in version `bold'
(Font)                  OMX/cmex/m/n --> OMX/ztmcm/m/n on input line 31.
\symbold=\mathgroup4
\symitalic=\mathgroup5
LaTeX Font Info:    Redeclaring math alphabet \mathbf on input line 34.
LaTeX Font Info:    Overwriting math alphabet `\mathbf' in version `normal'
(Font)                  OT1/cmr/bx/n --> OT1/ptm/bx/n on input line 34.
LaTeX Font Info:    Overwriting math alphabet `\mathbf' in version `bold'
(Font)                  OT1/cmr/bx/n --> OT1/ptm/bx/n on input line 34.
LaTeX Font Info:    Redeclaring math alphabet \mathit on input line 35.
LaTeX Font Info:    Overwriting math alphabet `\mathit' in version `normal'
(Font)                  OT1/cmr/m/it --> OT1/ptm/m/it on input line 35.
LaTeX Font Info:    Overwriting math alphabet `\mathit' in version `bold'
(Font)                  OT1/cmr/bx/it --> OT1/ptm/m/it on input line 35.
LaTeX Info: Redefining \hbar on input line 50.
))
(./MainPackages.tex
(/usr/local/texlive/2016/texmf-dist/tex/latex/blindtext/blindtext.sty
Package: blindtext 2012/01/06 V2.0 blindtext-Package

(/usr/local/texlive/2016/texmf-dist/tex/latex/tools/xspace.sty
Package: xspace 2014/10/28 v1.13 Space after command names (DPC,MH)
)
\c@blindtext=\count90
\c@Blindtext=\count91
\c@blind@countparstart=\count92
\blind@countxx=\count93
\blindtext@numBlindtext=\count94
\blind@countyy=\count95
\c@blindlist=\count96
\c@blindlistlevel=\count97
\c@blindlist@level=\count98
\blind@listitem=\count99
\c@blind@listcount=\count100
\c@blind@levelcount=\count101
\blind@mathformula=\count102
\blind@Mathformula=\count103
\c@blind@randomcount=\count104
\c@blind@randommax=\count105
\c@blind@pangramcount=\count106
\c@blind@pangrammax=\count107
)
(/usr/local/texlive/2016/texmf-dist/tex/latex/emptypage/emptypage.sty
Package: emptypage 2010/05/30 v1.2 Suppress page numbers and headings on empty 
pages
)
(/usr/local/texlive/2016/texmf-dist/tex/latex/graphics/graphicx.sty
Package: graphicx 2014/10/28 v1.0g Enhanced LaTeX Graphics (DPC,SPQR)

(/usr/local/texlive/2016/texmf-dist/tex/latex/graphics/keyval.sty
Package: keyval 2014/10/28 v1.15 key=value parser (DPC)
\KV@toks@=\toks14
)
(/usr/local/texlive/2016/texmf-dist/tex/latex/graphics/graphics.sty
Package: graphics 2016/05/09 v1.0r Standard LaTeX Graphics (DPC,SPQR)

(/usr/local/texlive/2016/texmf-dist/tex/latex/graphics/trig.sty
Package: trig 2016/01/03 v1.10 sin cos tan (DPC)
)
(/usr/local/texlive/2016/texmf-dist/tex/latex/graphics-cfg/graphics.cfg
File: graphics.cfg 2016/01/02 v1.10 sample graphics configuration
)
Package graphics Info: Driver file: pdftex.def on input line 96.

(/usr/local/texlive/2016/texmf-dist/tex/latex/pdftex-def/pdftex.def
File: pdftex.def 2011/05/27 v0.06d Graphics/color for pdfTeX

(/usr/local/texlive/2016/texmf-dist/tex/generic/oberdiek/infwarerr.sty
Package: infwarerr 2016/05/16 v1.4 Providing info/warning/error messages (HO)
)
(/usr/local/texlive/2016/texmf-dist/tex/generic/oberdiek/ltxcmds.sty
Package: ltxcmds 2016/05/16 v1.23 LaTeX kernel commands for general use (HO)
)
\Gread@gobject=\count108
))
\Gin@req@height=\dimen103
\Gin@req@width=\dimen104
)
(/usr/local/texlive/2016/texmf-dist/tex/latex/float/float.sty
Package: float 2001/11/08 v1.3d Float enhancements (AL)
\c@float@type=\count109
\float@exts=\toks15
\float@box=\box26
\@float@everytoks=\toks16
\@floatcapt=\box27
)
(/usr/local/texlive/2016/texmf-dist/tex/latex/amsmath/amsmath.sty
Package: amsmath 2016/03/10 v2.15b AMS math features
\@mathmargin=\skip43

For additional information on amsmath, use the `?' option.
(/usr/local/texlive/2016/texmf-dist/tex/latex/amsmath/amstext.sty
Package: amstext 2000/06/29 v2.01 AMS text

(/usr/local/texlive/2016/texmf-dist/tex/latex/amsmath/amsgen.sty
File: amsgen.sty 1999/11/30 v2.0 generic functions
\@emptytoks=\toks17
\ex@=\dimen105
))
(/usr/local/texlive/2016/texmf-dist/tex/latex/amsmath/amsbsy.sty
Package: amsbsy 1999/11/29 v1.2d Bold Symbols
\pmbraise@=\dimen106
)
(/usr/local/texlive/2016/texmf-dist/tex/latex/amsmath/amsopn.sty
Package: amsopn 2016/03/08 v2.02 operator names
)
\inf@bad=\count110
LaTeX Info: Redefining \frac on input line 199.
\uproot@=\count111
\leftroot@=\count112
LaTeX Info: Redefining \overline on input line 297.
\classnum@=\count113
\DOTSCASE@=\count114
LaTeX Info: Redefining \ldots on input line 394.
LaTeX Info: Redefining \dots on input line 397.
LaTeX Info: Redefining \cdots on input line 518.
\Mathstrutbox@=\box28
\strutbox@=\box29
\big@size=\dimen107
LaTeX Font Info:    Redeclaring font encoding OML on input line 634.
LaTeX Font Info:    Redeclaring font encoding OMS on input line 635.
\macc@depth=\count115
\c@MaxMatrixCols=\count116
\dotsspace@=\muskip10
\c@parentequation=\count117
\dspbrk@lvl=\count118
\tag@help=\toks18
\row@=\count119
\column@=\count120
\maxfields@=\count121
\andhelp@=\toks19
\eqnshift@=\dimen108
\alignsep@=\dimen109
\tagshift@=\dimen110
\tagwidth@=\dimen111
\totwidth@=\dimen112
\lineht@=\dimen113
\@envbody=\toks20
\multlinegap=\skip44
\multlinetaggap=\skip45
\mathdisplay@stack=\toks21
LaTeX Info: Redefining \[ on input line 2739.
LaTeX Info: Redefining \] on input line 2740.
)
(/usr/local/texlive/2016/texmf-dist/tex/latex/was/gensymb.sty
Package: gensymb 2003/07/02 v1.0 (WaS)
)
(/usr/local/texlive/2016/texmf-dist/tex/latex/base/textcomp.sty
Package: textcomp 2005/09/27 v1.99g Standard LaTeX package
Package textcomp Info: Sub-encoding information:
(textcomp)               5 = only ISO-Adobe without \textcurrency
(textcomp)               4 = 5 + \texteuro
(textcomp)               3 = 4 + \textohm
(textcomp)               2 = 3 + \textestimated + \textcurrency
(textcomp)               1 = TS1 - \textcircled - \t
(textcomp)               0 = TS1 (full)
(textcomp)             Font families with sub-encoding setting implement
(textcomp)             only a restricted character set as indicated.
(textcomp)             Family '?' is the default used for unknown fonts.
(textcomp)             See the documentation for details.
Package textcomp Info: Setting ? sub-encoding to TS1/1 on input line 79.

(/usr/local/texlive/2016/texmf-dist/tex/latex/base/ts1enc.def
File: ts1enc.def 2001/06/05 v3.0e (jk/car/fm) Standard LaTeX file
)
LaTeX Info: Redefining \oldstylenums on input line 334.
Package textcomp Info: Setting cmr sub-encoding to TS1/0 on input line 349.
Package textcomp Info: Setting cmss sub-encoding to TS1/0 on input line 350.
Package textcomp Info: Setting cmtt sub-encoding to TS1/0 on input line 351.
Package textcomp Info: Setting cmvtt sub-encoding to TS1/0 on input line 352.
Package textcomp Info: Setting cmbr sub-encoding to TS1/0 on input line 353.
Package textcomp Info: Setting cmtl sub-encoding to TS1/0 on input line 354.
Package textcomp Info: Setting ccr sub-encoding to TS1/0 on input line 355.
Package textcomp Info: Setting ptm sub-encoding to TS1/4 on input line 356.
Package textcomp Info: Setting pcr sub-encoding to TS1/4 on input line 357.
Package textcomp Info: Setting phv sub-encoding to TS1/4 on input line 358.
Package textcomp Info: Setting ppl sub-encoding to TS1/3 on input line 359.
Package textcomp Info: Setting pag sub-encoding to TS1/4 on input line 360.
Package textcomp Info: Setting pbk sub-encoding to TS1/4 on input line 361.
Package textcomp Info: Setting pnc sub-encoding to TS1/4 on input line 362.
Package textcomp Info: Setting pzc sub-encoding to TS1/4 on input line 363.
Package textcomp Info: Setting bch sub-encoding to TS1/4 on input line 364.
Package textcomp Info: Setting put sub-encoding to TS1/5 on input line 365.
Package textcomp Info: Setting uag sub-encoding to TS1/5 on input line 366.
Package textcomp Info: Setting ugq sub-encoding to TS1/5 on input line 367.
Package textcomp Info: Setting ul8 sub-encoding to TS1/4 on input line 368.
Package textcomp Info: Setting ul9 sub-encoding to TS1/4 on input line 369.
Package textcomp Info: Setting augie sub-encoding to TS1/5 on input line 370.
Package textcomp Info: Setting dayrom sub-encoding to TS1/3 on input line 371.
Package textcomp Info: Setting dayroms sub-encoding to TS1/3 on input line 372.

Package textcomp Info: Setting pxr sub-encoding to TS1/0 on input line 373.
Package textcomp Info: Setting pxss sub-encoding to TS1/0 on input line 374.
Package textcomp Info: Setting pxtt sub-encoding to TS1/0 on input line 375.
Package textcomp Info: Setting txr sub-encoding to TS1/0 on input line 376.
Package textcomp Info: Setting txss sub-encoding to TS1/0 on input line 377.
Package textcomp Info: Setting txtt sub-encoding to TS1/0 on input line 378.
Package textcomp Info: Setting lmr sub-encoding to TS1/0 on input line 379.
Package textcomp Info: Setting lmdh sub-encoding to TS1/0 on input line 380.
Package textcomp Info: Setting lmss sub-encoding to TS1/0 on input line 381.
Package textcomp Info: Setting lmssq sub-encoding to TS1/0 on input line 382.
Package textcomp Info: Setting lmvtt sub-encoding to TS1/0 on input line 383.
Package textcomp Info: Setting lmtt sub-encoding to TS1/0 on input line 384.
Package textcomp Info: Setting qhv sub-encoding to TS1/0 on input line 385.
Package textcomp Info: Setting qag sub-encoding to TS1/0 on input line 386.
Package textcomp Info: Setting qbk sub-encoding to TS1/0 on input line 387.
Package textcomp Info: Setting qcr sub-encoding to TS1/0 on input line 388.
Package textcomp Info: Setting qcs sub-encoding to TS1/0 on input line 389.
Package textcomp Info: Setting qpl sub-encoding to TS1/0 on input line 390.
Package textcomp Info: Setting qtm sub-encoding to TS1/0 on input line 391.
Package textcomp Info: Setting qzc sub-encoding to TS1/0 on input line 392.
Package textcomp Info: Setting qhvc sub-encoding to TS1/0 on input line 393.
Package textcomp Info: Setting futs sub-encoding to TS1/4 on input line 394.
Package textcomp Info: Setting futx sub-encoding to TS1/4 on input line 395.
Package textcomp Info: Setting futj sub-encoding to TS1/4 on input line 396.
Package textcomp Info: Setting hlh sub-encoding to TS1/3 on input line 397.
Package textcomp Info: Setting hls sub-encoding to TS1/3 on input line 398.
Package textcomp Info: Setting hlst sub-encoding to TS1/3 on input line 399.
Package textcomp Info: Setting hlct sub-encoding to TS1/5 on input line 400.
Package textcomp Info: Setting hlx sub-encoding to TS1/5 on input line 401.
Package textcomp Info: Setting hlce sub-encoding to TS1/5 on input line 402.
Package textcomp Info: Setting hlcn sub-encoding to TS1/5 on input line 403.
Package textcomp Info: Setting hlcw sub-encoding to TS1/5 on input line 404.
Package textcomp Info: Setting hlcf sub-encoding to TS1/5 on input line 405.
Package textcomp Info: Setting pplx sub-encoding to TS1/3 on input line 406.
Package textcomp Info: Setting pplj sub-encoding to TS1/3 on input line 407.
Package textcomp Info: Setting ptmx sub-encoding to TS1/4 on input line 408.
Package textcomp Info: Setting ptmj sub-encoding to TS1/4 on input line 409.
)
(/usr/local/texlive/2016/texmf-dist/tex/latex/setspace/setspace.sty
Package: setspace 2011/12/19 v6.7a set line spacing
)
(/usr/local/texlive/2016/texmf-dist/tex/latex/multirow/multirow.sty
\bigstrutjot=\dimen114
)
(/usr/local/texlive/2016/texmf-dist/tex/latex/natbib/bibentry.sty
Package: bibentry 2007/10/30 1.5 (PWD)
)
(/usr/local/texlive/2016/texmf-dist/tex/latex/caption/caption.sty
Package: caption 2016/02/21 v3.3-144 Customizing captions (AR)

(/usr/local/texlive/2016/texmf-dist/tex/latex/caption/caption3.sty
Package: caption3 2016/02/04 v1.7-139 caption3 kernel (AR)
Package caption3 Info: TeX engine: e-TeX on input line 67.
\captionmargin=\dimen115
\captionmargin@=\dimen116
\captionwidth=\dimen117
\caption@tempdima=\dimen118
\caption@indent=\dimen119
\caption@parindent=\dimen120
\caption@hangindent=\dimen121
)
\c@ContinuedFloat=\count122
Package caption Info: float package is loaded.
)
(/usr/local/texlive/2016/texmf-dist/tex/latex/etoolbox/etoolbox.sty
Package: etoolbox 2015/08/02 v2.2a e-TeX tools for LaTeX (JAW)
\etb@tempcnta=\count123
)
(/usr/local/texlive/2016/texmf-dist/tex/latex/mathtools/mathtools.sty
Package: mathtools 2015/11/12 v1.18 mathematical typesetting tools

(/usr/local/texlive/2016/texmf-dist/tex/latex/tools/calc.sty
Package: calc 2014/10/28 v4.3 Infix arithmetic (KKT,FJ)
\calc@Acount=\count124
\calc@Bcount=\count125
\calc@Adimen=\dimen122
\calc@Bdimen=\dimen123
\calc@Askip=\skip46
\calc@Bskip=\skip47
LaTeX Info: Redefining \setlength on input line 80.
LaTeX Info: Redefining \addtolength on input line 81.
\calc@Ccount=\count126
\calc@Cskip=\skip48
)
(/usr/local/texlive/2016/texmf-dist/tex/latex/mathtools/mhsetup.sty
Package: mhsetup 2010/01/21 v1.2a programming setup (MH)
)
LaTeX Info: Thecontrolsequence`\('isalreadyrobust on input line 129.
LaTeX Info: Thecontrolsequence`\)'isalreadyrobust on input line 129.
LaTeX Info: Thecontrolsequence`\['isalreadyrobust on input line 129.
LaTeX Info: Thecontrolsequence`\]'isalreadyrobust on input line 129.
\g_MT_multlinerow_int=\count127
\l_MT_multwidth_dim=\dimen124
\origjot=\skip49
\l_MT_shortvdotswithinadjustabove_dim=\dimen125
\l_MT_shortvdotswithinadjustbelow_dim=\dimen126
\l_MT_above_intertext_sep=\dimen127
\l_MT_below_intertext_sep=\dimen128
\l_MT_above_shortintertext_sep=\dimen129
\l_MT_below_shortintertext_sep=\dimen130
)
(/usr/local/texlive/2016/texmf-dist/tex/latex/amsfonts/amssymb.sty
Package: amssymb 2013/01/14 v3.01 AMS font symbols

(/usr/local/texlive/2016/texmf-dist/tex/latex/amsfonts/amsfonts.sty
Package: amsfonts 2013/01/14 v3.01 Basic AMSFonts support
\symAMSa=\mathgroup6
\symAMSb=\mathgroup7
LaTeX Font Info:    Overwriting math alphabet `\mathfrak' in version `bold'
(Font)                  U/euf/m/n --> U/euf/b/n on input line 106.
))
(/usr/local/texlive/2016/texmf-dist/tex/latex/listings/listings.sty
\lst@mode=\count128
\lst@gtempboxa=\box30
\lst@token=\toks22
\lst@length=\count129
\lst@currlwidth=\dimen131
\lst@column=\count130
\lst@pos=\count131
\lst@lostspace=\dimen132
\lst@width=\dimen133
\lst@newlines=\count132
\lst@lineno=\count133
\lst@maxwidth=\dimen134

(/usr/local/texlive/2016/texmf-dist/tex/latex/listings/lstmisc.sty
File: lstmisc.sty 2015/06/04 1.6 (Carsten Heinz)
\c@lstnumber=\count134
\lst@skipnumbers=\count135
\lst@framebox=\box31
)
(/usr/local/texlive/2016/texmf-dist/tex/latex/listings/listings.cfg
File: listings.cfg 2015/06/04 1.6 listings configuration
))
Package: listings 2015/06/04 1.6 (Carsten Heinz)

(/usr/local/texlive/2016/texmf-dist/tex/latex/booktabs/booktabs.sty
Package: booktabs 2016/04/27 v1.618033 publication quality tables
\heavyrulewidth=\dimen135
\lightrulewidth=\dimen136
\cmidrulewidth=\dimen137
\belowrulesep=\dimen138
\belowbottomsep=\dimen139
\aboverulesep=\dimen140
\abovetopsep=\dimen141
\cmidrulesep=\dimen142
\cmidrulekern=\dimen143
\defaultaddspace=\dimen144
\@cmidla=\count136
\@cmidlb=\count137
\@aboverulesep=\dimen145
\@belowrulesep=\dimen146
\@thisruleclass=\count138
\@lastruleclass=\count139
\@thisrulewidth=\dimen147
)
(/usr/local/texlive/2016/texmf-dist/tex/latex/algorithms/algorithm.sty
Package: algorithm 2009/08/24 v0.1 Document Style `algorithm' - floating enviro
nment

(/usr/local/texlive/2016/texmf-dist/tex/latex/base/ifthen.sty
Package: ifthen 2014/09/29 v1.1c Standard LaTeX ifthen package (DPC)
)
\@float@every@algorithm=\toks23
\c@algorithm=\count140
)
(/usr/local/texlive/2016/texmf-dist/tex/latex/subfigure/subfigure.sty
Package: subfigure 2002/03/15 v2.1.5 subfigure package
\subfigtopskip=\skip50
\subfigcapskip=\skip51
\subfigcaptopadj=\dimen148
\subfigbottomskip=\skip52
\subfigcapmargin=\dimen149
\subfiglabelskip=\skip53
\c@subfigure=\count141
\c@lofdepth=\count142
\c@subtable=\count143
\c@lotdepth=\count144

****************************************
* Local config file subfigure.cfg used *
****************************************
(/usr/local/texlive/2016/texmf-dist/tex/latex/subfigure/subfigure.cfg)
\subfig@top=\skip54
\subfig@bottom=\skip55
))
(/usr/local/texlive/2016/texmf-dist/tex/latex/algorithmicx/algpseudocode.sty
Package: algpseudocode 

(/usr/local/texlive/2016/texmf-dist/tex/latex/algorithmicx/algorithmicx.sty
Package: algorithmicx 2005/04/27 v1.2 Algorithmicx

Document Style algorithmicx 1.2 - a greatly improved `algorithmic' style
\c@ALG@line=\count145
\c@ALG@rem=\count146
\c@ALG@nested=\count147
\ALG@tlm=\skip56
\ALG@thistlm=\skip57
\c@ALG@Lnr=\count148
\c@ALG@blocknr=\count149
\c@ALG@storecount=\count150
\c@ALG@tmpcounter=\count151
\ALG@tmplength=\skip58
)
Document Style - pseudocode environments for use with the `algorithmicx' style
) (./LinksAndMetadata.tex
(/usr/local/texlive/2016/texmf-dist/tex/latex/hyperref/hyperref.sty
Package: hyperref 2016/05/05 v6.83n Hypertext links for LaTeX

(/usr/local/texlive/2016/texmf-dist/tex/generic/oberdiek/hobsub-hyperref.sty
Package: hobsub-hyperref 2016/05/16 v1.14 Bundle oberdiek, subset hyperref (HO)


(/usr/local/texlive/2016/texmf-dist/tex/generic/oberdiek/hobsub-generic.sty
Package: hobsub-generic 2016/05/16 v1.14 Bundle oberdiek, subset generic (HO)
Package: hobsub 2016/05/16 v1.14 Construct package bundles (HO)
Package hobsub Info: Skipping package `infwarerr' (already loaded).
Package hobsub Info: Skipping package `ltxcmds' (already loaded).
Package: ifluatex 2016/05/16 v1.4 Provides the ifluatex switch (HO)
Package ifluatex Info: LuaTeX not detected.
Package: ifvtex 2016/05/16 v1.6 Detect VTeX and its facilities (HO)
Package ifvtex Info: VTeX not detected.
Package: intcalc 2016/05/16 v1.2 Expandable calculations with integers (HO)
Package: ifpdf 2016/05/14 v3.1 Provides the ifpdf switch
Package: etexcmds 2016/05/16 v1.6 Avoid name clashes with e-TeX commands (HO)
Package etexcmds Info: Could not find \expanded.
(etexcmds)             That can mean that you are not using pdfTeX 1.50 or
(etexcmds)             that some package has redefined \expanded.
(etexcmds)             In the latter case, load this package earlier.
Package: kvsetkeys 2016/05/16 v1.17 Key value parser (HO)
Package: kvdefinekeys 2016/05/16 v1.4 Define keys (HO)
Package: pdftexcmds 2016/05/10 v0.21 Utility functions of pdfTeX for LuaTeX (HO
)
Package pdftexcmds Info: LuaTeX not detected.
Package pdftexcmds Info: \pdf@primitive is available.
Package pdftexcmds Info: \pdf@ifprimitive is available.
Package pdftexcmds Info: \pdfdraftmode found.
Package: pdfescape 2016/05/16 v1.14 Implements pdfTeX's escape features (HO)
Package: bigintcalc 2016/05/16 v1.4 Expandable calculations on big integers (HO
)
Package: bitset 2016/05/16 v1.2 Handle bit-vector datatype (HO)
Package: uniquecounter 2016/05/16 v1.3 Provide unlimited unique counter (HO)
)
Package hobsub Info: Skipping package `hobsub' (already loaded).
Package: letltxmacro 2016/05/16 v1.5 Let assignment for LaTeX macros (HO)
Package: hopatch 2016/05/16 v1.3 Wrapper for package hooks (HO)
Package: xcolor-patch 2016/05/16 xcolor patch
Package: atveryend 2016/05/16 v1.9 Hooks at the very end of document (HO)
Package: atbegshi 2016/05/16 v1.17 At begin shipout hook (HO)
Package: refcount 2016/05/16 v3.5 Data extraction from label references (HO)
Package: hycolor 2016/05/16 v1.8 Color options for hyperref/bookmark (HO)
)
(/usr/local/texlive/2016/texmf-dist/tex/generic/ifxetex/ifxetex.sty
Package: ifxetex 2010/09/12 v0.6 Provides ifxetex conditional
)
(/usr/local/texlive/2016/texmf-dist/tex/latex/oberdiek/auxhook.sty
Package: auxhook 2016/05/16 v1.4 Hooks for auxiliary files (HO)
)
(/usr/local/texlive/2016/texmf-dist/tex/latex/oberdiek/kvoptions.sty
Package: kvoptions 2016/05/16 v3.12 Key value format for package options (HO)
)
\@linkdim=\dimen150
\Hy@linkcounter=\count152
\Hy@pagecounter=\count153

(/usr/local/texlive/2016/texmf-dist/tex/latex/hyperref/pd1enc.def
File: pd1enc.def 2016/05/05 v6.83n Hyperref: PDFDocEncoding definition (HO)
)
\Hy@SavedSpaceFactor=\count154

(/usr/local/texlive/2016/texmf-dist/tex/latex/latexconfig/hyperref.cfg
File: hyperref.cfg 2002/06/06 v1.2 hyperref configuration of TeXLive
)
Package hyperref Info: Hyper figures OFF on input line 4446.
Package hyperref Info: Link nesting OFF on input line 4451.
Package hyperref Info: Hyper index ON on input line 4454.
Package hyperref Info: Plain pages OFF on input line 4461.
Package hyperref Info: Backreferencing OFF on input line 4466.
Package hyperref Info: Implicit mode ON; LaTeX internals redefined.
Package hyperref Info: Bookmarks ON on input line 4691.
\c@Hy@tempcnt=\count155

(/usr/local/texlive/2016/texmf-dist/tex/latex/url/url.sty
\Urlmuskip=\muskip11
Package: url 2013/09/16  ver 3.4  Verb mode for urls, etc.
)
LaTeX Info: Redefining \url on input line 5044.
\XeTeXLinkMargin=\dimen151
\Fld@menulength=\count156
\Field@Width=\dimen152
\Fld@charsize=\dimen153
Package hyperref Info: Hyper figures OFF on input line 6298.
Package hyperref Info: Link nesting OFF on input line 6303.
Package hyperref Info: Hyper index ON on input line 6306.
Package hyperref Info: backreferencing OFF on input line 6313.
Package hyperref Info: Link coloring OFF on input line 6318.
Package hyperref Info: Link coloring with OCG OFF on input line 6323.
Package hyperref Info: PDF/A mode OFF on input line 6328.
LaTeX Info: Redefining \ref on input line 6368.
LaTeX Info: Redefining \pageref on input line 6372.
\Hy@abspage=\count157
\c@Item=\count158
\c@Hfootnote=\count159
)

Package hyperref Message: Driver: hpdftex.

(/usr/local/texlive/2016/texmf-dist/tex/latex/hyperref/hpdftex.def
File: hpdftex.def 2016/05/05 v6.83n Hyperref driver for pdfTeX
\Fld@listcount=\count160
\c@bookmark@seq@number=\count161

(/usr/local/texlive/2016/texmf-dist/tex/latex/oberdiek/rerunfilecheck.sty
Package: rerunfilecheck 2016/05/16 v1.8 Rerun checks for auxiliary files (HO)
Package uniquecounter Info: New unique counter `rerunfilecheck' on input line 2
82.
)
\Hy@SectionHShift=\skip59
))
(./FloatSettings.tex) (./BibSettings.tex) (./Main.aux (./Preamble.aux)
(./Introduction.aux) (./Background.aux) (./Experiment1.aux) (./Experiment2.aux)
(./Conclusions.aux))
\openout1 = `Main.aux'.

LaTeX Font Info:    Checking defaults for OML/cmm/m/it on input line 83.
LaTeX Font Info:    ... okay on input line 83.
LaTeX Font Info:    Checking defaults for T1/cmr/m/n on input line 83.
LaTeX Font Info:    ... okay on input line 83.
LaTeX Font Info:    Checking defaults for OT1/cmr/m/n on input line 83.
LaTeX Font Info:    ... okay on input line 83.
LaTeX Font Info:    Checking defaults for OMS/cmsy/m/n on input line 83.
LaTeX Font Info:    ... okay on input line 83.
LaTeX Font Info:    Checking defaults for OMX/cmex/m/n on input line 83.
LaTeX Font Info:    ... okay on input line 83.
LaTeX Font Info:    Checking defaults for U/cmr/m/n on input line 83.
LaTeX Font Info:    ... okay on input line 83.
LaTeX Font Info:    Checking defaults for TS1/cmr/m/n on input line 83.
LaTeX Font Info:    Try loading font information for TS1+cmr on input line 83.

(/usr/local/texlive/2016/texmf-dist/tex/latex/base/ts1cmr.fd
File: ts1cmr.fd 2014/09/29 v2.5h Standard LaTeX font definitions
)
LaTeX Font Info:    ... okay on input line 83.
LaTeX Font Info:    Checking defaults for PD1/pdf/m/n on input line 83.
LaTeX Font Info:    ... okay on input line 83.
LaTeX Font Info:    Try loading font information for OT1+ptm on input line 83.

(/usr/local/texlive/2016/texmf-dist/tex/latex/psnfss/ot1ptm.fd
File: ot1ptm.fd 2001/06/04 font definitions for OT1/ptm.
)
Package nag Info: Command \RaggedLeft not defined, skipping amendment on input 
line 83.
Package nag Info: Command \RaggedRight not defined, skipping amendment on input
 line 83.

(/usr/local/texlive/2016/texmf-dist/tex/context/base/mkii/supp-pdf.mkii
[Loading MPS to PDF converter (version 2006.09.02).]
\scratchcounter=\count162
\scratchdimen=\dimen154
\scratchbox=\box32
\nofMPsegments=\count163
\nofMParguments=\count164
\everyMPshowfont=\toks24
\MPscratchCnt=\count165
\MPscratchDim=\dimen155
\MPnumerator=\count166
\makeMPintoPDFobject=\count167
\everyMPtoPDFconversion=\toks25
) (/usr/local/texlive/2016/texmf-dist/tex/latex/oberdiek/epstopdf-base.sty
Package: epstopdf-base 2016/05/15 v2.6 Base part for package epstopdf

(/usr/local/texlive/2016/texmf-dist/tex/latex/oberdiek/grfext.sty
Package: grfext 2016/05/16 v1.2 Manage graphics extensions (HO)
)
Package grfext Info: Graphics extension search list:
(grfext)             [.png,.pdf,.jpg,.mps,.jpeg,.jbig2,.jb2,.PNG,.PDF,.JPG,.JPE
G,.JBIG2,.JB2,.eps]
(grfext)             \AppendGraphicsExtensions on input line 456.

(/usr/local/texlive/2016/texmf-dist/tex/latex/latexconfig/epstopdf-sys.cfg
File: epstopdf-sys.cfg 2010/07/13 v1.3 Configuration of (r)epstopdf for TeX Liv
e
))
\symgns@font=\mathgroup8
LaTeX Font Info:    Overwriting symbol font `gns@font' in version `bold'
(Font)                  TS1/ptm/m/n --> TS1/ptm/bx/n on input line 83.
Package gensymb Info: Math companion symbols declared on input line 83.
LaTeX Info: Redefining \degree on input line 83.
LaTeX Info: Redefining \celsius on input line 83.
Package gensymb Info: Using text companion symbols for \degree, \celsius and \p
erthousand on input line 83.
LaTeX Info: Redefining \ohm on input line 83.
Package gensymb Info: Using \textohm for \ohm on input line 83.
Package gensymb Info: Using \textmu for \micro on input line 83.
Package caption Info: Begin \AtBeginDocument code.
Package caption Info: hyperref package is loaded.
Package caption Info: listings package is loaded.
Package caption Info: subfigure package is loaded.
Package caption Info: End \AtBeginDocument code.
\c@lstlisting=\count168
\AtBeginShipoutBox=\box33
Package hyperref Info: Link coloring OFF on input line 83.

(/usr/local/texlive/2016/texmf-dist/tex/latex/hyperref/nameref.sty
Package: nameref 2012/10/27 v2.43 Cross-referencing by name of section

(/usr/local/texlive/2016/texmf-dist/tex/generic/oberdiek/gettitlestring.sty
Package: gettitlestring 2016/05/16 v1.5 Cleanup title references (HO)
)
\c@section@level=\count169
)
LaTeX Info: Redefining \ref on input line 83.
LaTeX Info: Redefining \pageref on input line 83.
LaTeX Info: Redefining \nameref on input line 83.

(./Main.out) (./Main.out)
\@outlinefile=\write3
\openout3 = `Main.out'.

Package nag Info: Command \captionabove not defined, skipping amendment on inpu
t line 83.
Package nag Info: Command \captionbelow not defined, skipping amendment on inpu
t line 83.
Package nag Info: Command \hc@caption not defined, skipping amendment on input 
line 83.
Package nag Info: Command \topcaption not defined, skipping amendment on input 
line 83.
 (./Main.bbl)
\openout2 = `Preamble.aux'.

 (./Preamble.tex
LaTeX Font Info:    Font shape `OT1/ptm/bx/n' in size <20.74> not available
(Font)              Font shape `OT1/ptm/b/n' tried instead on input line 2.
LaTeX Font Info:    Font shape `OT1/ptm/bx/n' in size <10.95> not available
(Font)              Font shape `OT1/ptm/b/n' tried instead on input line 2.
 [1


{/usr/local/texlive/2016/texmf-var/fonts/map/pdftex/updmap/pdftex.map}] [2

]
LaTeX Font Info:    Font shape `OT1/ptm/bx/n' in size <12> not available
(Font)              Font shape `OT1/ptm/b/n' tried instead on input line 7.

Underfull \vbox (badness 10000) has occurred while \output is active []

 [3


]
LaTeX Font Info:    Font shape `OT1/ptm/bx/n' in size <14.4> not available
(Font)              Font shape `OT1/ptm/b/n' tried instead on input line 17.

[4] [5

] (./Main.toc
LaTeX Font Info:    Try loading font information for OT1+ztmcm on input line 2.


(/usr/local/texlive/2016/texmf-dist/tex/latex/psnfss/ot1ztmcm.fd
File: ot1ztmcm.fd 2000/01/03 Fontinst v1.801 font definitions for OT1/ztmcm.
)
LaTeX Font Info:    Try loading font information for OML+ztmcm on input line 2.


(/usr/local/texlive/2016/texmf-dist/tex/latex/psnfss/omlztmcm.fd
File: omlztmcm.fd 2000/01/03 Fontinst v1.801 font definitions for OML/ztmcm.
)
LaTeX Font Info:    Try loading font information for OMS+ztmcm on input line 2.


(/usr/local/texlive/2016/texmf-dist/tex/latex/psnfss/omsztmcm.fd
File: omsztmcm.fd 2000/01/03 Fontinst v1.801 font definitions for OMS/ztmcm.
)
LaTeX Font Info:    Try loading font information for OMX+ztmcm on input line 2.


(/usr/local/texlive/2016/texmf-dist/tex/latex/psnfss/omxztmcm.fd
File: omxztmcm.fd 2000/01/03 Fontinst v1.801 font definitions for OMX/ztmcm.
)
LaTeX Font Info:    Font shape `OT1/ptm/bx/n' in size <8> not available
(Font)              Font shape `OT1/ptm/b/n' tried instead on input line 2.
LaTeX Font Info:    Font shape `OT1/ptm/bx/n' in size <6> not available
(Font)              Font shape `OT1/ptm/b/n' tried instead on input line 2.
LaTeX Font Info:    Try loading font information for TS1+ptm on input line 2.

(/usr/local/texlive/2016/texmf-dist/tex/latex/psnfss/ts1ptm.fd
File: ts1ptm.fd 2001/06/04 font definitions for TS1/ptm.
) [6

])
\tf@toc=\write4
\openout4 = `Main.toc'.

 [7]
(./Main.lof)
\tf@lof=\write5
\openout5 = `Main.lof'.

 [8

] (./Main.lot)
\tf@lot=\write6
\openout6 = `Main.lot'.

) [9

]
\openout2 = `Introduction.aux'.

 (./Introduction.tex
Chapter 1.
Missing character: There is no â in font ptmr7t!
Missing character: There is no € in font ptmr7t!
Missing character: There is no ™ in font ptmr7t!
[10



]
Underfull \vbox (badness 10000) has occurred while \output is active []

 [11]
[12]
Overfull \hbox (42.29498pt too wide) in paragraph at lines 48--49
\OT1/ptm/m/n/10.95 The dataset for this dis-ser-ta-tion, crawled from the fa-mo
us fash-ion web-sites http://www.hypebeast.com
 []


LaTeX Warning: No positions in optional float specifier.
               Default added (so using `tbp') on input line 56.

LaTeX Font Info:    Font shape `OT1/ptm/bx/n' in size <10> not available
(Font)              Font shape `OT1/ptm/b/n' tried instead on input line 58.
LaTeX Font Info:    Try loading font information for OML+ptm on input line 63.
(/usr/local/texlive/2016/texmf-dist/tex/latex/psnfss/omlptm.fd
File: omlptm.fd 
)
LaTeX Font Info:    Font shape `OML/ptm/m/n' in size <10.95> not available
(Font)              Font shape `OML/cmm/m/it' tried instead on input line 63.
 [13] [14])
[15]
\openout2 = `Background.aux'.

 (./Background.tex
Chapter 2.
[16



] [17]
LaTeX Font Info:    Font shape `OT1/ptm/bx/n' in size <7.4> not available
(Font)              Font shape `OT1/ptm/b/n' tried instead on input line 38.
 <concept_drift.png, id=400, 383.7537pt x 249.3315pt>
File: concept_drift.png Graphic file (type png)

<use concept_drift.png>
Package pdftex.def Info: concept_drift.png used on input line 40.
(pdftex.def)             Requested size: 383.75275pt x 249.33087pt.


LaTeX Warning: Citation `baena2006ear' on page 18 undefined on input line 46.


Underfull \vbox (badness 10000) has occurred while \output is active []

 [18]

LaTeX Warning: Citation `baena2006ear' on page 19 undefined on input line 54.


Underfull \vbox (badness 10000) has occurred while \output is active []

 [19 <./concept_drift.png>]
Underfull \vbox (badness 5008) has occurred while \output is active []

 [20]
Underfull \vbox (badness 10000) has occurred while \output is active []

 [21]
<fasttext_structure.png, id=455, 241.1409pt x 115.3911pt>
File: fasttext_structure.png Graphic file (type png)

<use fasttext_structure.png>
Package pdftex.def Info: fasttext_structure.png used on input line 95.
(pdftex.def)             Requested size: 241.1403pt x 115.39081pt.
 [22 <./fasttext_structure.png>]
<char_cnn.png, id=464, 327.3831pt x 95.3964pt>
File: char_cnn.png Graphic file (type png)
 <use char_cnn.png>
Package pdftex.def Info: char_cnn.png used on input line 126.
(pdftex.def)             Requested size: 327.3823pt x 95.39613pt.

(/usr/local/texlive/2016/texmf-dist/tex/latex/listings/lstlang1.sty
File: lstlang1.sty 2015/06/04 1.6 listings language file
)
(/usr/local/texlive/2016/texmf-dist/tex/latex/listings/lstlang2.sty
File: lstlang2.sty 2015/06/04 1.6 listings language file
)
(/usr/local/texlive/2016/texmf-dist/tex/latex/listings/lstlang3.sty
File: lstlang3.sty 2015/06/04 1.6 listings language file
)
(/usr/local/texlive/2016/texmf-dist/tex/latex/listings/lstlang1.sty
File: lstlang1.sty 2015/06/04 1.6 listings language file
)
(/usr/local/texlive/2016/texmf-dist/tex/latex/listings/lstlang2.sty
File: lstlang2.sty 2015/06/04 1.6 listings language file
)
(/usr/local/texlive/2016/texmf-dist/tex/latex/listings/lstlang3.sty
File: lstlang3.sty 2015/06/04 1.6 listings language file
)
(/usr/local/texlive/2016/texmf-dist/tex/latex/listings/lstlang1.sty
File: lstlang1.sty 2015/06/04 1.6 listings language file
)
(/usr/local/texlive/2016/texmf-dist/tex/latex/listings/lstlang2.sty
File: lstlang2.sty 2015/06/04 1.6 listings language file
)
(/usr/local/texlive/2016/texmf-dist/tex/latex/listings/lstlang3.sty
File: lstlang3.sty 2015/06/04 1.6 listings language file
)
(/usr/local/texlive/2016/texmf-dist/tex/latex/listings/lstmisc.sty
File: lstmisc.sty 2015/06/04 1.6 (Carsten Heinz)
) [23]
LaTeX Font Info:    Try loading font information for OT1+pcr on input line 130.


(/usr/local/texlive/2016/texmf-dist/tex/latex/psnfss/ot1pcr.fd
File: ot1pcr.fd 2001/06/04 font definitions for OT1/pcr.
)
LaTeX Font Info:    Try loading font information for TS1+pcr on input line 132.


(/usr/local/texlive/2016/texmf-dist/tex/latex/psnfss/ts1pcr.fd
File: ts1pcr.fd 2001/06/04 font definitions for TS1/pcr.
)
LaTeX Font Info:    Font shape `OT1/pcr/m/it' in size <10.95> not available
(Font)              Font shape `OT1/pcr/m/sl' tried instead on input line 132.
 [24 <./char_cnn.png>]

LaTeX Warning: No positions in optional float specifier.
               Default added (so using `tbp') on input line 153.


LaTeX Warning: No positions in optional float specifier.
               Default added (so using `tbp') on input line 173.


Underfull \vbox (badness 2478) has occurred while \output is active []

 [25]
<rnn.png, id=503, 130.086pt x 135.8676pt>
File: rnn.png Graphic file (type png)
 <use rnn.png>
Package pdftex.def Info: rnn.png used on input line 194.
(pdftex.def)             Requested size: 130.08566pt x 135.86725pt.

<lstm.png, id=510, 224.037pt x 229.5777pt>
File: lstm.png Graphic file (type png)
 <use lstm.png>
Package pdftex.def Info: lstm.png used on input line 203.
(pdftex.def)             Requested size: 224.03644pt x 229.57713pt.
 [26 <./rnn.png>]
[27 <./lstm.png>] <blstm.png, id=535, 322.0833pt x 195.3699pt>
File: blstm.png Graphic file (type png)
 <use blstm.png>
Package pdftex.def Info: blstm.png used on input line 253.
(pdftex.def)             Requested size: 322.0825pt x 195.36942pt.

[28]
Underfull \vbox (badness 1168) has occurred while \output is active []

 [29 <./blstm.png>] <attention_blstm.png, id=561, 370.0224pt x 184.5294pt>
File: attention_blstm.png Graphic file (type png)

<use attention_blstm.png>
Package pdftex.def Info: attention_blstm.png used on input line 284.
(pdftex.def)             Requested size: 370.02148pt x 184.52895pt.

Underfull \vbox (badness 1975) has occurred while \output is active []

 [30 <./attention_blstm.png>]) [31]
\openout2 = `Experiment1.aux'.

 (./Experiment1.tex
Chapter 3.
<hypes_year.png, id=588, 522.753pt x 263.0628pt>
File: hypes_year.png Graphic file (type png)
 <use hypes_year.png>
Package pdftex.def Info: hypes_year.png used on input line 11.
(pdftex.def)             Requested size: 358.50227pt x 180.40565pt.

<proportion_hypes.png, id=589, 497.9403pt x 263.0628pt>
File: proportion_hypes.png Graphic file (type png)

<use proportion_hypes.png>
Package pdftex.def Info: proportion_hypes.png used on input line 19.
(pdftex.def)             Requested size: 358.50227pt x 189.39703pt.


LaTeX Warning: No positions in optional float specifier.
               Default added (so using `tbp') on input line 25.


Underfull \vbox (badness 10000) has occurred while \output is active []

 [32



]
[33 <./hypes_year.png> <./proportion_hypes.png>]
Missing character: There is no ï in font pcrr7t!
Missing character: There is no ¼ in font pcrr7t!
Missing character: There is no š in font pcrr7t!
 [34]
Underfull \vbox (badness 10000) has occurred while \output is active []

 [35]

Package amsmath Warning: Foreign command \atopwithdelims;
(amsmath)                \frac or \genfrac should be used instead
(amsmath)                 on input line 81.

[36]
Package hyperref Info: bookmark level for unknown algorithm defaults to 0 on in
put line 129.
 [37] [38]
Underfull \vbox (badness 10000) has occurred while \output is active []

 [39]

LaTeX Warning: No positions in optional float specifier.
               Default added (so using `tbp') on input line 202.

<drift_acc.png, id=656, 622.9674pt x 325.4559pt>
File: drift_acc.png Graphic file (type png)
 <use drift_acc.png>
Package pdftex.def Info: drift_acc.png used on input line 220.
(pdftex.def)             Requested size: 358.50227pt x 187.29956pt.

<drift_recall.png, id=657, 622.7265pt x 325.4559pt>
File: drift_recall.png Graphic file (type png)
 <use drift_recall.png>
Package pdftex.def Info: drift_recall.png used on input line 221.
(pdftex.def)             Requested size: 358.50227pt x 187.36412pt.

<drift_f1.png, id=658, 622.7265pt x 325.4559pt>
File: drift_f1.png Graphic file (type png)
 <use drift_f1.png>
Package pdftex.def Info: drift_f1.png used on input line 222.
(pdftex.def)             Requested size: 358.50227pt x 187.36412pt.

<drift_cm_Detector1.png, id=659, 342.5598pt x 295.3434pt>
File: drift_cm_Detector1.png Graphic file (type png)

<use drift_cm_Detector1.png>
Package pdftex.def Info: drift_cm_Detector1.png used on input line 229.
(pdftex.def)             Requested size: 179.25113pt x 154.54836pt.

<drift_cm_Detector2.png, id=660, 342.5598pt x 295.3434pt>
File: drift_cm_Detector2.png Graphic file (type png)

<use drift_cm_Detector2.png>
Package pdftex.def Info: drift_cm_Detector2.png used on input line 230.
(pdftex.def)             Requested size: 179.25113pt x 154.54836pt.

<drift_cm_Detector3.png, id=661, 342.5598pt x 295.3434pt>
File: drift_cm_Detector3.png Graphic file (type png)

<use drift_cm_Detector3.png>
Package pdftex.def Info: drift_cm_Detector3.png used on input line 231.
(pdftex.def)             Requested size: 179.25113pt x 154.54836pt.

<drift_cm_Detector4.png, id=662, 342.5598pt x 295.3434pt>
File: drift_cm_Detector4.png Graphic file (type png)

<use drift_cm_Detector4.png>
Package pdftex.def Info: drift_cm_Detector4.png used on input line 232.
(pdftex.def)             Requested size: 179.25113pt x 154.54836pt.

<drift_cm_Baselearner.png, id=663, 342.5598pt x 295.3434pt>
File: drift_cm_Baselearner.png Graphic file (type png)

<use drift_cm_Baselearner.png>
Package pdftex.def Info: drift_cm_Baselearner.png used on input line 233.
(pdftex.def)             Requested size: 179.25113pt x 154.54836pt.
 <num_cd.png, id=664, 508.0581pt x 271.0125pt>
File: num_cd.png Graphic file (type png)

<use num_cd.png>
Package pdftex.def Info: num_cd.png used on input line 240.
(pdftex.def)             Requested size: 358.50227pt x 191.24164pt.
 <num_fa.png, id=665, 508.0581pt x 271.0125pt>
File: num_fa.png Graphic file (type png)

<use num_fa.png>
Package pdftex.def Info: num_fa.png used on input line 247.
(pdftex.def)             Requested size: 358.50227pt x 191.24164pt.


LaTeX Warning: No positions in optional float specifier.
               Default added (so using `tbp') on input line 253.

) [40] [41 <./drift_acc.png> <./drift_recall.png> <./drift_f1.png>] [42 <./drif
t_cm_Detector1.png> <./drift_cm_Detector2.png> <./drift_cm_Detector3.png> <./dr
ift_cm_Detector4.png> <./drift_cm_Baselearner.png>] [43 <./num_cd.png> <./num_f
a.png>]
\openout2 = `Experiment2.aux'.

 (./Experiment2.tex
Chapter 4.
) [44



]
\openout2 = `Conclusions.aux'.

 (./Conclusions.tex
Chapter 5.
) [45



] (./Main.bbl [46


] [47] [48] [49])

Package nag Warning: Package times is obsolete.
(nag)                Use the mathptmx, helvet (option scaled=.9), courier packa
ges instead.


Package nag Warning: 1 complaints in total.

Package atveryend Info: Empty hook `BeforeClearDocument' on input line 124.
[50]
Package atveryend Info: Empty hook `AfterLastShipout' on input line 124.
 (./Main.aux (./Preamble.aux) (./Introduction.aux) (./Background.aux)
(./Experiment1.aux) (./Experiment2.aux) (./Conclusions.aux))
Package atveryend Info: Executing hook `AtVeryEndDocument' on input line 124.
Package atveryend Info: Executing hook `AtEndAfterFileList' on input line 124.
Package rerunfilecheck Info: File `Main.out' has not changed.
(rerunfilecheck)             Checksum: DD72F076106CA641471537A892C9F636;3201.


LaTeX Warning: There were undefined references.

 ) 
Here is how much of TeX's memory you used:
 12708 strings out of 493014
 190599 string characters out of 6133352
 347250 words of memory out of 5000000
 15651 multiletter control sequences out of 15000+600000
 52791 words of font info for 112 fonts, out of 8000000 for 9000
 1141 hyphenation exceptions out of 8191
 45i,8n,71p,1530b,2024s stack positions out of 5000i,500n,10000p,200000b,80000s
pdfTeX warning (dest): name{cite.sokolova2009systematic} has been referenced 
but does not exist, replaced by a fixed one

pdfTeX warning (dest): name{cite.Elwell2011} has been referenced but does not e
xist, replaced by a fixed one

pdfTeX warning (dest): name{cite.uysal2014impact} has been referenced but does 
not exist, replaced by a fixed one

pdfTeX warning (dest): name{cite.Zhang2015} has been referenced but does not ex
ist, replaced by a fixed one

pdfTeX warning (dest): name{cite.zeiler2012adadelta} has been referenced but do
es not exist, replaced by a fixed one

pdfTeX warning (dest): name{cite.turian2010word} has been referenced but does n
ot exist, replaced by a fixed one

pdfTeX warning (dest): name{cite.krizhevsky2012imagenet} has been referenced bu
t does not exist, replaced by a fixed one

pdfTeX warning (dest): name{cite.zhou2016attention} has been referenced but doe
s not exist, replaced by a fixed one

pdfTeX warning (dest): name{cite.plaut1987learning} has been referenced but doe
s not exist, replaced by a fixed one

pdfTeX warning (dest): name{cite.Mikolov2013} has been referenced but does not 
exist, replaced by a fixed one

pdfTeX warning (dest): name{cite.zhang2015relation} has been referenced but doe
s not exist, replaced by a fixed one

pdfTeX warning (dest): name{cite.fan2014tts} has been referenced but does not e
xist, replaced by a fixed one

pdfTeX warning (dest): name{cite.Luong2014} has been referenced but does not ex
ist, replaced by a fixed one

pdfTeX warning (dest): name{cite.Graves2013} has been referenced but does not e
xist, replaced by a fixed one

pdfTeX warning (dest): name{cite.hochreiter1997long} has been referenced but do
es not exist, replaced by a fixed one

pdfTeX warning (dest): name{cite.bullinaria2013recurrent} has been referenced b
ut does not exist, replaced by a fixed one

pdfTeX warning (dest): name{cite.mikolov2013distributed} has been referenced bu
t does not exist, replaced by a fixed one

pdfTeX warning (dest): name{cite.boureau2010theoretical} has been referenced bu
t does not exist, replaced by a fixed one

pdfTeX warning (dest): name{cite.Joulin2016} has been referenced but does not e
xist, replaced by a fixed one

pdfTeX warning (dest): name{cite.Li2017} has been referenced but does not exist
, replaced by a fixed one

pdfTeX warning (dest): name{cite.michalski2013machine} has been referenced but 
does not exist, replaced by a fixed one

pdfTeX warning (dest): name{cite.nishida2007detecting} has been referenced but 
does not exist, replaced by a fixed one

pdfTeX warning (dest): name{cite.sobhani2011new} has been referenced but does n
ot exist, replaced by a fixed one

pdfTeX warning (dest): name{cite.ross2012exponentially} has been referenced but
 does not exist, replaced by a fixed one

pdfTeX warning (dest): name{cite.bach2008paired} has been referenced but does n
ot exist, replaced by a fixed one

pdfTeX warning (dest): name{cite.bifet2007learning} has been referenced but doe
s not exist, replaced by a fixed one

pdfTeX warning (dest): name{cite.page1954continuous} has been referenced but do
es not exist, replaced by a fixed one

pdfTeX warning (dest): name{cite.klinkenberg2000detecting} has been referenced 
but does not exist, replaced by a fixed one

pdfTeX warning (dest): name{cite.wang2003mining} has been referenced but does n
ot exist, replaced by a fixed one

pdfTeX warning (dest): name{cite.delany2005case} has been referenced but does n
ot exist, replaced by a fixed one

pdfTeX warning (dest): name{cite.kolter2007dynamic} has been referenced but doe
s not exist, replaced by a fixed one

pdfTeX warning (dest): name{cite.Goncalves2014} has been referenced but does no
t exist, replaced by a fixed one

pdfTeX warning (dest): name{cite.sparck1972statistical} has been referenced but
 does not exist, replaced by a fixed one

pdfTeX warning (dest): name{cite.goworek2016relationship} has been referenced b
ut does not exist, replaced by a fixed one

pdfTeX warning (dest): name{cite.selamat2002web} has been referenced but does n
ot exist, replaced by a fixed one

pdfTeX warning (dest): name{cite.sakaki2010earthquake} has been referenced but 
does not exist, replaced by a fixed one

pdfTeX warning (dest): name{cite.gama2004learning} has been referenced but does
 not exist, replaced by a fixed one

pdfTeX warning (dest): name{cite.widmer1996learning} has been referenced but do
es not exist, replaced by a fixed one

pdfTeX warning (dest): name{cite.behling1985} has been referenced but does not 
exist, replaced by a fixed one

pdfTeX warning (dest): name{cite.rizos2016predicting} has been referenced but d
oes not exist, replaced by a fixed one

pdfTeX warning (dest): name{cite.lerman2010using} has been referenced but does 
not exist, replaced by a fixed one

pdfTeX warning (dest): name{cite.wu2015analyzing} has been referenced but does 
not exist, replaced by a fixed one

pdfTeX warning (dest): name{cite.Greff2017} has been referenced but does not ex
ist, replaced by a fixed one

pdfTeX warning (dest): name{cite.zhang2015character} has been referenced but do
es not exist, replaced by a fixed one

pdfTeX warning (dest): name{cite.vzliobaite2010learning} has been referenced bu
t does not exist, replaced by a fixed one

{/usr/local/texlive/2016/texmf-dist/fonts/enc/dvips/base/8r.enc}</usr/local/tex
live/2016/texmf-dist/fonts/type1/public/amsfonts/cm/cmex10.pfb></usr/local/texl
ive/2016/texmf-dist/fonts/type1/public/amsfonts/cm/cmmi10.pfb></usr/local/texli
ve/2016/texmf-dist/fonts/type1/public/amsfonts/cm/cmr10.pfb></usr/local/texlive
/2016/texmf-dist/fonts/type1/public/amsfonts/cm/cmsy10.pfb></usr/local/texlive/
2016/texmf-dist/fonts/type1/public/amsfonts/symbols/msam10.pfb></usr/local/texl
ive/2016/texmf-dist/fonts/type1/public/amsfonts/symbols/msbm10.pfb></usr/local/
texlive/2016/texmf-dist/fonts/type1/public/rsfs/rsfs10.pfb></usr/local/texlive/
2016/texmf-dist/fonts/type1/urw/courier/ucrr8a.pfb></usr/local/texlive/2016/tex
mf-dist/fonts/type1/urw/courier/ucrro8a.pfb></usr/local/texlive/2016/texmf-dist
/fonts/type1/urw/symbol/usyr.pfb></usr/local/texlive/2016/texmf-dist/fonts/type
1/urw/symbol/usyr.pfb></usr/local/texlive/2016/texmf-dist/fonts/type1/urw/times
/utmb8a.pfb></usr/local/texlive/2016/texmf-dist/fonts/type1/urw/times/utmr8a.pf
b></usr/local/texlive/2016/texmf-dist/fonts/type1/urw/times/utmr8a.pfb></usr/lo
cal/texlive/2016/texmf-dist/fonts/type1/urw/times/utmri8a.pfb>
Output written on Main.pdf (50 pages, 2571675 bytes).
PDF statistics:
 885 PDF objects out of 1000 (max. 8388607)
 768 compressed objects within 8 object streams
 268 named destinations out of 1000 (max. 500000)
 456 words of extra memory for PDF output out of 10000 (max. 10000000)

